2018-04-26 10:54:17,095 ERROR 72559 [-/::1/-/65ms GET /] nodejs.ReferenceError: window is not defined
    at HomeController.index (/Users/why/iDreamFia/www.xiaobaiparty.com/app/controller/find.js:149:23)
    at <anonymous>
    at process._tickCallback (internal/process/next_tick.js:160:7)

pid: 72559
hostname: whydeMacBook-Pro.local

2018-04-26 13:43:43,194 ERROR 74491 [-/::1/-/114ms GET /] nodejs.Template render error: unknown block tag: endif
    at Object._prettifyError (/Users/why/iDreamFia/www.xiaobaiparty.com/node_modules/nunjucks/src/lib.js:35:11)
    at Template.render (/Users/why/iDreamFia/www.xiaobaiparty.com/node_modules/nunjucks/src/environment.js:526:21)
    at /Users/why/iDreamFia/www.xiaobaiparty.com/node_modules/nunjucks/src/environment.js:350:27
    at createTemplate (/Users/why/iDreamFia/www.xiaobaiparty.com/node_modules/nunjucks/src/environment.js:299:9)
    at handle (/Users/why/iDreamFia/www.xiaobaiparty.com/node_modules/nunjucks/src/environment.js:311:11)
    at /Users/why/iDreamFia/www.xiaobaiparty.com/node_modules/nunjucks/src/environment.js:323:9
    at next (/Users/why/iDreamFia/www.xiaobaiparty.com/node_modules/nunjucks/src/lib.js:281:7)
    at Object.asyncIter (/Users/why/iDreamFia/www.xiaobaiparty.com/node_modules/nunjucks/src/lib.js:287:3)
    at NunjucksEnvironment.getTemplate (/Users/why/iDreamFia/www.xiaobaiparty.com/node_modules/nunjucks/src/environment.js:305:9)
    at NunjucksEnvironment.render (/Users/why/iDreamFia/www.xiaobaiparty.com/node_modules/nunjucks/src/environment.js:344:10)
    at Promise (/Users/why/iDreamFia/www.xiaobaiparty.com/node_modules/egg-view-nunjucks/lib/view.js:13:25)
    at new Promise (<anonymous>)
    at NunjucksView.render (/Users/why/iDreamFia/www.xiaobaiparty.com/node_modules/egg-view-nunjucks/lib/view.js:12:12)
    at ContextView.[contextView#render] (/Users/why/iDreamFia/www.xiaobaiparty.com/node_modules/egg-view/lib/context_view.js:70:23)
    at <anonymous>
name: 'Template render error'
pid: 74491
hostname: whydeMacBook-Pro.local

