2018-04-26 10:00:18,611 INFO 71792 [egg-logrotator] app logger reload: got log-reload message
2018-04-26 10:53:44,986 INFO 72543 [egg:logger] init all loggers with options: {"dir":"/Users/why/iDreamFia/www.xiaobaiparty.com/logs/www.xiaobaiparty.com","encoding":"utf8","env":"local","level":"INFO","consoleLevel":"INFO","disableConsoleAfterReady":false,"outputJSON":false,"buffer":true,"appLogName":"www.xiaobaiparty.com-web.log","coreLogName":"egg-web.log","agentLogName":"egg-agent.log","errorLogName":"common-error.log","coreLogger":{"consoleLevel":"WARN"},"allowDebugAtProd":true,"type":"application"}
2018-04-26 10:53:45,064 INFO 72543 [egg-schedule]: register schedule /Users/why/iDreamFia/www.xiaobaiparty.com/node_modules/egg-logrotator/app/schedule/clean_log.js
2018-04-26 10:53:45,064 INFO 72543 [egg-schedule]: register schedule /Users/why/iDreamFia/www.xiaobaiparty.com/node_modules/egg-logrotator/app/schedule/rotate_by_file.js
2018-04-26 10:53:45,179 INFO 72543 [egg-static] starting static serve /public/ -> /Users/why/iDreamFia/www.xiaobaiparty.com/app/public
2018-04-26 10:53:45,184 INFO 72543 [egg-security] use csrf middleware
2018-04-26 10:53:45,186 INFO 72543 [egg-security] use methodnoallow middleware
2018-04-26 10:53:45,187 INFO 72543 [egg-security] use noopen middleware
2018-04-26 10:53:45,188 INFO 72543 [egg-security] use nosniff middleware
2018-04-26 10:53:45,189 INFO 72543 [egg-security] use xssProtection middleware
2018-04-26 10:53:45,189 INFO 72543 [egg-security] use xframe middleware
2018-04-26 10:53:45,191 INFO 72543 [egg-security] use dta middleware
2018-04-26 10:53:45,192 INFO 72543 [egg-security] compose 7 middlewares into one security middleware
2018-04-26 10:53:45,215 INFO 72543 [egg-watcher:app] watcher start success
2018-04-26 10:54:05,849 INFO 72559 [egg:logger] init all loggers with options: {"dir":"/Users/why/iDreamFia/www.xiaobaiparty.com/logs/www.xiaobaiparty.com","encoding":"utf8","env":"local","level":"INFO","consoleLevel":"INFO","disableConsoleAfterReady":false,"outputJSON":false,"buffer":true,"appLogName":"www.xiaobaiparty.com-web.log","coreLogName":"egg-web.log","agentLogName":"egg-agent.log","errorLogName":"common-error.log","coreLogger":{"consoleLevel":"WARN"},"allowDebugAtProd":true,"type":"application"}
2018-04-26 10:54:05,920 INFO 72559 [egg-schedule]: register schedule /Users/why/iDreamFia/www.xiaobaiparty.com/node_modules/egg-logrotator/app/schedule/clean_log.js
2018-04-26 10:54:05,920 INFO 72559 [egg-schedule]: register schedule /Users/why/iDreamFia/www.xiaobaiparty.com/node_modules/egg-logrotator/app/schedule/rotate_by_file.js
2018-04-26 10:54:06,026 INFO 72559 [egg-static] starting static serve /public/ -> /Users/why/iDreamFia/www.xiaobaiparty.com/app/public
2018-04-26 10:54:06,031 INFO 72559 [egg-security] use csrf middleware
2018-04-26 10:54:06,032 INFO 72559 [egg-security] use methodnoallow middleware
2018-04-26 10:54:06,033 INFO 72559 [egg-security] use noopen middleware
2018-04-26 10:54:06,034 INFO 72559 [egg-security] use nosniff middleware
2018-04-26 10:54:06,034 INFO 72559 [egg-security] use xssProtection middleware
2018-04-26 10:54:06,035 INFO 72559 [egg-security] use xframe middleware
2018-04-26 10:54:06,035 INFO 72559 [egg-security] use dta middleware
2018-04-26 10:54:06,035 INFO 72559 [egg-security] compose 7 middlewares into one security middleware
2018-04-26 10:54:06,057 INFO 72559 [egg-watcher:app] watcher start success
2018-04-26 10:55:17,456 INFO 72588 [egg:logger] init all loggers with options: {"dir":"/Users/why/iDreamFia/www.xiaobaiparty.com/logs/www.xiaobaiparty.com","encoding":"utf8","env":"local","level":"INFO","consoleLevel":"INFO","disableConsoleAfterReady":false,"outputJSON":false,"buffer":true,"appLogName":"www.xiaobaiparty.com-web.log","coreLogName":"egg-web.log","agentLogName":"egg-agent.log","errorLogName":"common-error.log","coreLogger":{"consoleLevel":"WARN"},"allowDebugAtProd":true,"type":"application"}
2018-04-26 10:55:17,504 INFO 72588 [egg-schedule]: register schedule /Users/why/iDreamFia/www.xiaobaiparty.com/node_modules/egg-logrotator/app/schedule/clean_log.js
2018-04-26 10:55:17,504 INFO 72588 [egg-schedule]: register schedule /Users/why/iDreamFia/www.xiaobaiparty.com/node_modules/egg-logrotator/app/schedule/rotate_by_file.js
2018-04-26 10:55:17,591 INFO 72588 [egg-static] starting static serve /public/ -> /Users/why/iDreamFia/www.xiaobaiparty.com/app/public
2018-04-26 10:55:17,594 INFO 72588 [egg-security] use csrf middleware
2018-04-26 10:55:17,594 INFO 72588 [egg-security] use methodnoallow middleware
2018-04-26 10:55:17,595 INFO 72588 [egg-security] use noopen middleware
2018-04-26 10:55:17,596 INFO 72588 [egg-security] use nosniff middleware
2018-04-26 10:55:17,596 INFO 72588 [egg-security] use xssProtection middleware
2018-04-26 10:55:17,597 INFO 72588 [egg-security] use xframe middleware
2018-04-26 10:55:17,598 INFO 72588 [egg-security] use dta middleware
2018-04-26 10:55:17,598 INFO 72588 [egg-security] compose 7 middlewares into one security middleware
2018-04-26 10:55:17,653 INFO 72588 [egg-watcher:app] watcher start success
2018-04-26 10:58:59,920 INFO 72588 [egg-view-nunjucks] loading templates from ["/Users/why/iDreamFia/www.xiaobaiparty.com/app/view"]
2018-04-26 12:50:15,788 INFO 74207 [egg:logger] init all loggers with options: {"dir":"/Users/why/iDreamFia/www.xiaobaiparty.com/logs/www.xiaobaiparty.com","encoding":"utf8","env":"local","level":"INFO","consoleLevel":"INFO","disableConsoleAfterReady":false,"outputJSON":false,"buffer":true,"appLogName":"www.xiaobaiparty.com-web.log","coreLogName":"egg-web.log","agentLogName":"egg-agent.log","errorLogName":"common-error.log","coreLogger":{"consoleLevel":"WARN"},"allowDebugAtProd":true,"type":"application"}
2018-04-26 12:50:15,831 INFO 74207 [egg-schedule]: register schedule /Users/why/iDreamFia/www.xiaobaiparty.com/node_modules/egg-logrotator/app/schedule/clean_log.js
2018-04-26 12:50:15,831 INFO 74207 [egg-schedule]: register schedule /Users/why/iDreamFia/www.xiaobaiparty.com/node_modules/egg-logrotator/app/schedule/rotate_by_file.js
2018-04-26 12:50:15,927 INFO 74207 [egg-static] starting static serve /public/ -> /Users/why/iDreamFia/www.xiaobaiparty.com/app/public
2018-04-26 12:50:15,929 INFO 74207 [egg-security] use csrf middleware
2018-04-26 12:50:15,931 INFO 74207 [egg-security] use methodnoallow middleware
2018-04-26 12:50:15,931 INFO 74207 [egg-security] use noopen middleware
2018-04-26 12:50:15,932 INFO 74207 [egg-security] use nosniff middleware
2018-04-26 12:50:15,933 INFO 74207 [egg-security] use xssProtection middleware
2018-04-26 12:50:15,934 INFO 74207 [egg-security] use xframe middleware
2018-04-26 12:50:15,935 INFO 74207 [egg-security] use dta middleware
2018-04-26 12:50:15,935 INFO 74207 [egg-security] compose 7 middlewares into one security middleware
2018-04-26 12:50:15,959 INFO 74207 [egg-watcher:app] watcher start success
2018-04-26 12:50:23,827 INFO 74207 [egg-view-nunjucks] loading templates from ["/Users/why/iDreamFia/www.xiaobaiparty.com/app/view"]
2018-04-26 12:57:13,232 INFO 74251 [egg:logger] init all loggers with options: {"dir":"/Users/why/iDreamFia/www.xiaobaiparty.com/logs/www.xiaobaiparty.com","encoding":"utf8","env":"local","level":"INFO","consoleLevel":"INFO","disableConsoleAfterReady":false,"outputJSON":false,"buffer":true,"appLogName":"www.xiaobaiparty.com-web.log","coreLogName":"egg-web.log","agentLogName":"egg-agent.log","errorLogName":"common-error.log","coreLogger":{"consoleLevel":"WARN"},"allowDebugAtProd":true,"type":"application"}
2018-04-26 12:57:13,275 INFO 74251 [egg-schedule]: register schedule /Users/why/iDreamFia/www.xiaobaiparty.com/node_modules/egg-logrotator/app/schedule/clean_log.js
2018-04-26 12:57:13,275 INFO 74251 [egg-schedule]: register schedule /Users/why/iDreamFia/www.xiaobaiparty.com/node_modules/egg-logrotator/app/schedule/rotate_by_file.js
2018-04-26 12:57:13,372 INFO 74251 [egg-static] starting static serve /public/ -> /Users/why/iDreamFia/www.xiaobaiparty.com/app/public
2018-04-26 12:57:13,375 INFO 74251 [egg-security] use csrf middleware
2018-04-26 12:57:13,377 INFO 74251 [egg-security] use methodnoallow middleware
2018-04-26 12:57:13,378 INFO 74251 [egg-security] use noopen middleware
2018-04-26 12:57:13,378 INFO 74251 [egg-security] use nosniff middleware
2018-04-26 12:57:13,379 INFO 74251 [egg-security] use xssProtection middleware
2018-04-26 12:57:13,380 INFO 74251 [egg-security] use xframe middleware
2018-04-26 12:57:13,381 INFO 74251 [egg-security] use dta middleware
2018-04-26 12:57:13,381 INFO 74251 [egg-security] compose 7 middlewares into one security middleware
2018-04-26 12:57:13,414 INFO 74251 [egg-watcher:app] watcher start success
2018-04-26 12:57:25,582 INFO 74260 [egg:logger] init all loggers with options: {"dir":"/Users/why/iDreamFia/www.xiaobaiparty.com/logs/www.xiaobaiparty.com","encoding":"utf8","env":"local","level":"INFO","consoleLevel":"INFO","disableConsoleAfterReady":false,"outputJSON":false,"buffer":true,"appLogName":"www.xiaobaiparty.com-web.log","coreLogName":"egg-web.log","agentLogName":"egg-agent.log","errorLogName":"common-error.log","coreLogger":{"consoleLevel":"WARN"},"allowDebugAtProd":true,"type":"application"}
2018-04-26 12:57:25,636 INFO 74260 [egg-schedule]: register schedule /Users/why/iDreamFia/www.xiaobaiparty.com/node_modules/egg-logrotator/app/schedule/clean_log.js
2018-04-26 12:57:25,636 INFO 74260 [egg-schedule]: register schedule /Users/why/iDreamFia/www.xiaobaiparty.com/node_modules/egg-logrotator/app/schedule/rotate_by_file.js
2018-04-26 12:57:25,730 INFO 74260 [egg-static] starting static serve /public/ -> /Users/why/iDreamFia/www.xiaobaiparty.com/app/public
2018-04-26 12:57:25,734 INFO 74260 [egg-security] use csrf middleware
2018-04-26 12:57:25,734 INFO 74260 [egg-security] use methodnoallow middleware
2018-04-26 12:57:25,735 INFO 74260 [egg-security] use noopen middleware
2018-04-26 12:57:25,736 INFO 74260 [egg-security] use nosniff middleware
2018-04-26 12:57:25,736 INFO 74260 [egg-security] use xssProtection middleware
2018-04-26 12:57:25,737 INFO 74260 [egg-security] use xframe middleware
2018-04-26 12:57:25,737 INFO 74260 [egg-security] use dta middleware
2018-04-26 12:57:25,737 INFO 74260 [egg-security] compose 7 middlewares into one security middleware
2018-04-26 12:57:25,762 INFO 74260 [egg-watcher:app] watcher start success
2018-04-26 13:11:35,820 INFO 74296 [egg:logger] init all loggers with options: {"dir":"/Users/why/iDreamFia/www.xiaobaiparty.com/logs/www.xiaobaiparty.com","encoding":"utf8","env":"local","level":"INFO","consoleLevel":"INFO","disableConsoleAfterReady":false,"outputJSON":false,"buffer":true,"appLogName":"www.xiaobaiparty.com-web.log","coreLogName":"egg-web.log","agentLogName":"egg-agent.log","errorLogName":"common-error.log","coreLogger":{"consoleLevel":"WARN"},"allowDebugAtProd":true,"type":"application"}
2018-04-26 13:11:35,869 INFO 74296 [egg-schedule]: register schedule /Users/why/iDreamFia/www.xiaobaiparty.com/node_modules/egg-logrotator/app/schedule/clean_log.js
2018-04-26 13:11:35,869 INFO 74296 [egg-schedule]: register schedule /Users/why/iDreamFia/www.xiaobaiparty.com/node_modules/egg-logrotator/app/schedule/rotate_by_file.js
2018-04-26 13:11:35,963 INFO 74296 [egg-static] starting static serve /public/ -> /Users/why/iDreamFia/www.xiaobaiparty.com/app/public
2018-04-26 13:11:35,967 INFO 74296 [egg-security] use csrf middleware
2018-04-26 13:11:35,968 INFO 74296 [egg-security] use methodnoallow middleware
2018-04-26 13:11:35,968 INFO 74296 [egg-security] use noopen middleware
2018-04-26 13:11:35,969 INFO 74296 [egg-security] use nosniff middleware
2018-04-26 13:11:35,970 INFO 74296 [egg-security] use xssProtection middleware
2018-04-26 13:11:35,970 INFO 74296 [egg-security] use xframe middleware
2018-04-26 13:11:35,971 INFO 74296 [egg-security] use dta middleware
2018-04-26 13:11:35,971 INFO 74296 [egg-security] compose 7 middlewares into one security middleware
2018-04-26 13:11:35,996 INFO 74296 [egg-watcher:app] watcher start success
2018-04-26 13:30:31,944 INFO 74491 [egg:logger] init all loggers with options: {"dir":"/Users/why/iDreamFia/www.xiaobaiparty.com/logs/www.xiaobaiparty.com","encoding":"utf8","env":"local","level":"INFO","consoleLevel":"INFO","disableConsoleAfterReady":false,"outputJSON":false,"buffer":true,"appLogName":"www.xiaobaiparty.com-web.log","coreLogName":"egg-web.log","agentLogName":"egg-agent.log","errorLogName":"common-error.log","coreLogger":{"consoleLevel":"WARN"},"allowDebugAtProd":true,"type":"application"}
2018-04-26 13:30:31,981 INFO 74491 [egg-schedule]: register schedule /Users/why/iDreamFia/www.xiaobaiparty.com/node_modules/egg-logrotator/app/schedule/clean_log.js
2018-04-26 13:30:31,981 INFO 74491 [egg-schedule]: register schedule /Users/why/iDreamFia/www.xiaobaiparty.com/node_modules/egg-logrotator/app/schedule/rotate_by_file.js
2018-04-26 13:30:32,071 INFO 74491 [egg-static] starting static serve /public/ -> /Users/why/iDreamFia/www.xiaobaiparty.com/app/public
2018-04-26 13:30:32,074 INFO 74491 [egg-security] use csrf middleware
2018-04-26 13:30:32,075 INFO 74491 [egg-security] use methodnoallow middleware
2018-04-26 13:30:32,076 INFO 74491 [egg-security] use noopen middleware
2018-04-26 13:30:32,077 INFO 74491 [egg-security] use nosniff middleware
2018-04-26 13:30:32,078 INFO 74491 [egg-security] use xssProtection middleware
2018-04-26 13:30:32,078 INFO 74491 [egg-security] use xframe middleware
2018-04-26 13:30:32,079 INFO 74491 [egg-security] use dta middleware
2018-04-26 13:30:32,079 INFO 74491 [egg-security] compose 7 middlewares into one security middleware
2018-04-26 13:30:32,103 INFO 74491 [egg-watcher:app] watcher start success
2018-04-26 13:43:43,175 INFO 74491 [egg-view-nunjucks] loading templates from ["/Users/why/iDreamFia/www.xiaobaiparty.com/app/view"]
2018-04-26 13:51:45,135 INFO 74661 [egg:logger] init all loggers with options: {"dir":"/Users/why/iDreamFia/www.xiaobaiparty.com/logs/www.xiaobaiparty.com","encoding":"utf8","env":"local","level":"INFO","consoleLevel":"INFO","disableConsoleAfterReady":false,"outputJSON":false,"buffer":true,"appLogName":"www.xiaobaiparty.com-web.log","coreLogName":"egg-web.log","agentLogName":"egg-agent.log","errorLogName":"common-error.log","coreLogger":{"consoleLevel":"WARN"},"allowDebugAtProd":true,"type":"application"}
2018-04-26 13:51:45,175 INFO 74661 [egg-schedule]: register schedule /Users/why/iDreamFia/www.xiaobaiparty.com/node_modules/egg-logrotator/app/schedule/clean_log.js
2018-04-26 13:51:45,175 INFO 74661 [egg-schedule]: register schedule /Users/why/iDreamFia/www.xiaobaiparty.com/node_modules/egg-logrotator/app/schedule/rotate_by_file.js
2018-04-26 13:51:45,276 INFO 74661 [egg-static] starting static serve /public/ -> /Users/why/iDreamFia/www.xiaobaiparty.com/app/public
2018-04-26 13:51:45,279 INFO 74661 [egg-security] use csrf middleware
2018-04-26 13:51:45,280 INFO 74661 [egg-security] use methodnoallow middleware
2018-04-26 13:51:45,281 INFO 74661 [egg-security] use noopen middleware
2018-04-26 13:51:45,282 INFO 74661 [egg-security] use nosniff middleware
2018-04-26 13:51:45,283 INFO 74661 [egg-security] use xssProtection middleware
2018-04-26 13:51:45,284 INFO 74661 [egg-security] use xframe middleware
2018-04-26 13:51:45,285 INFO 74661 [egg-security] use dta middleware
2018-04-26 13:51:45,285 INFO 74661 [egg-security] compose 7 middlewares into one security middleware
2018-04-26 13:51:45,313 INFO 74661 [egg-watcher:app] watcher start success
2018-04-26 13:51:48,501 INFO 74661 [egg-view-nunjucks] loading templates from ["/Users/why/iDreamFia/www.xiaobaiparty.com/app/view"]
2018-04-26 15:32:45,379 INFO 75103 [egg:logger] init all loggers with options: {"dir":"/Users/why/wode/www.xiaobaiparty.com/logs/www.xiaobaiparty.com","encoding":"utf8","env":"local","level":"INFO","consoleLevel":"INFO","disableConsoleAfterReady":false,"outputJSON":false,"buffer":true,"appLogName":"www.xiaobaiparty.com-web.log","coreLogName":"egg-web.log","agentLogName":"egg-agent.log","errorLogName":"common-error.log","coreLogger":{"consoleLevel":"WARN"},"allowDebugAtProd":true,"type":"application"}
2018-04-26 15:32:45,419 INFO 75103 [egg-schedule]: register schedule /Users/why/wode/www.xiaobaiparty.com/node_modules/egg-logrotator/app/schedule/clean_log.js
2018-04-26 15:32:45,419 INFO 75103 [egg-schedule]: register schedule /Users/why/wode/www.xiaobaiparty.com/node_modules/egg-logrotator/app/schedule/rotate_by_file.js
2018-04-26 15:32:45,516 INFO 75103 [egg-static] starting static serve /public/ -> /Users/why/wode/www.xiaobaiparty.com/app/public
2018-04-26 15:32:45,519 INFO 75103 [egg-security] use csrf middleware
2018-04-26 15:32:45,520 INFO 75103 [egg-security] use methodnoallow middleware
2018-04-26 15:32:45,521 INFO 75103 [egg-security] use noopen middleware
2018-04-26 15:32:45,522 INFO 75103 [egg-security] use nosniff middleware
2018-04-26 15:32:45,522 INFO 75103 [egg-security] use xssProtection middleware
2018-04-26 15:32:45,523 INFO 75103 [egg-security] use xframe middleware
2018-04-26 15:32:45,524 INFO 75103 [egg-security] use dta middleware
2018-04-26 15:32:45,524 INFO 75103 [egg-security] compose 7 middlewares into one security middleware
2018-04-26 15:32:45,551 INFO 75103 [egg-watcher:app] watcher start success
